#
# There is insufficient memory for the Java Runtime Environment to continue.
# Native memory allocation (mmap) failed to map 84934656 bytes. Error detail: G1 virtual space
# Possible reasons:
#   The system is out of physical RAM or swap space
#   This process is running with CompressedOops enabled, and the Java Heap may be blocking the growth of the native heap
# Possible solutions:
#   Reduce memory load on the system
#   Increase physical memory or swap space
#   Check if swap backing store is full
#   Decrease Java heap size (-Xmx/-Xms)
#   Decrease number of Java threads
#   Decrease Java thread stack sizes (-Xss)
#   Set larger code cache with -XX:ReservedCodeCacheSize=
#   JVM is running with Unscaled Compressed Oops mode in which the Java heap is
#     placed in the first 4GB address space. The Java Heap base address is the
#     maximum limit for the native heap growth. Please use -XX:HeapBaseMinAddress
#     to set the Java Heap base and to place the Java Heap above 4GB virtual address.
# This output file may be truncated or incomplete.
#
#  Out of Memory Error (os_windows.cpp:3707), pid=14092, tid=25548
#
# JRE version: Java(TM) SE Runtime Environment (23.0.2+7) (build 23.0.2+7-58)
# Java VM: Java HotSpot(TM) 64-Bit Server VM (23.0.2+7-58, mixed mode, sharing, tiered, compressed oops, compressed class ptrs, g1 gc, windows-amd64)
# No core dump will be written. Minidumps are not enabled by default on client versions of Windows
#

---------------  S U M M A R Y ------------

Command Line: --add-opens=java.base/java.lang=ALL-UNNAMED --add-opens=java.base/java.lang.invoke=ALL-UNNAMED --add-opens=java.base/java.util=ALL-UNNAMED --add-opens=java.prefs/java.util.prefs=ALL-UNNAMED --add-exports=jdk.compiler/com.sun.tools.javac.api=ALL-UNNAMED --add-exports=jdk.compiler/com.sun.tools.javac.util=ALL-UNNAMED --add-opens=java.base/java.util=ALL-UNNAMED --add-opens=java.prefs/java.util.prefs=ALL-UNNAMED --add-opens=java.base/java.nio.charset=ALL-UNNAMED --add-opens=java.base/java.net=ALL-UNNAMED --add-opens=java.base/java.util.concurrent.atomic=ALL-UNNAMED --add-opens=java.xml/javax.xml.namespace=ALL-UNNAMED -Xmx2048m -Dfile.encoding=UTF-8 -Duser.country=US -Duser.language=en -Duser.variant -javaagent:C:\Users\dines\.gradle\wrapper\dists\gradle-8.11.1-bin\bpt9gzteqjrbo1mjrsomdt32c\gradle-8.11.1\lib\agents\gradle-instrumentation-agent-8.11.1.jar org.gradle.launcher.daemon.bootstrap.GradleDaemon 8.11.1

Host: 11th Gen Intel(R) Core(TM) i5-1135G7 @ 2.40GHz, 8 cores, 7G,  Windows 11 , 64 bit Build 26100 (10.0.26100.4768)
Time: Sun Sep  7 00:44:01 2025 India Standard Time elapsed time: 21.864843 seconds (0d 0h 0m 21s)

---------------  T H R E A D  ---------------

Current thread (0x0000019ec8e403c0):  VMThread "VM Thread"          [id=25548, stack(0x0000007b83a00000,0x0000007b83b00000) (1024K)]

Stack: [0x0000007b83a00000,0x0000007b83b00000]
Native frames: (J=compiled Java code, j=interpreted, Vv=VM code, C=native code)
V  [jvm.dll+0x6e0b99]  (no source info available)
V  [jvm.dll+0x87e2b3]  (no source info available)
V  [jvm.dll+0x88073e]  (no source info available)
V  [jvm.dll+0x880e13]  (no source info available)
V  [jvm.dll+0x27b006]  (no source info available)
V  [jvm.dll+0x6dd485]  (no source info available)
V  [jvm.dll+0x6d127a]  (no source info available)
V  [jvm.dll+0x35b50a]  (no source info available)
V  [jvm.dll+0x363916]  (no source info available)
V  [jvm.dll+0x34fe7e]  (no source info available)
V  [jvm.dll+0x350118]  (no source info available)
V  [jvm.dll+0x328aec]  (no source info available)
V  [jvm.dll+0x328b7a]  (no source info available)
V  [jvm.dll+0x374db2]  (no source info available)
V  [jvm.dll+0x3734b2]  (no source info available)
V  [jvm.dll+0x3282c7]  (no source info available)
V  [jvm.dll+0x372c64]  (no source info available)
V  [jvm.dll+0x886d50]  (no source info available)
V  [jvm.dll+0x888077]  (no source info available)
V  [jvm.dll+0x8885a8]  (no source info available)
V  [jvm.dll+0x888843]  (no source info available)
V  [jvm.dll+0x8254cb]  (no source info available)
V  [jvm.dll+0x6df345]  (no source info available)
C  [ucrtbase.dll+0x37b0]  (no source info available)
C  [KERNEL32.DLL+0x2e8d7]  (no source info available)
C  [ntdll.dll+0x3c34c]  (no source info available)

VM_Operation (0x0000007b859fe330): G1CollectForAllocation, mode: safepoint, requested by thread 0x0000019f0ffaa3b0


---------------  P R O C E S S  ---------------

Threads class SMR info:
_java_thread_list=0x0000019f0e46ed40, length=47, elements={
0x0000019eac01ff40, 0x0000019ec8e57550, 0x0000019ec8e580b0, 0x0000019ec8e5f3f0,
0x0000019ec8e61e60, 0x0000019ec8e65630, 0x0000019ec8e62e60, 0x0000019ec8e96280,
0x0000019ec8e9a230, 0x0000019f0e0c32d0, 0x0000019f0e2b0340, 0x0000019f0f3e5df0,
0x0000019f0f3e6480, 0x0000019f0f3e6b10, 0x0000019f0f3e4a40, 0x0000019f0f3e7830,
0x0000019f0f3e50d0, 0x0000019f0f3e5760, 0x0000019f0ffa9d20, 0x0000019f0ffa9690,
0x0000019f0ffa75c0, 0x0000019f0ffa9000, 0x0000019f0ffa68a0, 0x0000019f0ffaa3b0,
0x0000019f0ffa82e0, 0x0000019f0ffa8970, 0x0000019f0ffa6f30, 0x0000019f0ffac480,
0x0000019f0ffacb10, 0x0000019f0ffadec0, 0x0000019f0ffab760, 0x0000019f0ffaaa40,
0x0000019f0e62b280, 0x0000019f231edc60, 0x0000019f231ee980, 0x0000019f231eb500,
0x0000019f231ecf40, 0x0000019f231ef010, 0x0000019f231ed5d0, 0x0000019f231ef6a0,
0x0000019f231ec8b0, 0x0000019f231ec220, 0x0000019f231f0a50, 0x0000019f231f2490,
0x0000019f231efd30, 0x0000019f231f03c0, 0x0000019f231f10e0
}

Java Threads: ( => current thread )
  0x0000019eac01ff40 JavaThread "main"                              [_thread_blocked, id=2888, stack(0x0000007b83300000,0x0000007b83400000) (1024K)]
  0x0000019ec8e57550 JavaThread "Reference Handler"          daemon [_thread_blocked, id=11488, stack(0x0000007b83b00000,0x0000007b83c00000) (1024K)]
  0x0000019ec8e580b0 JavaThread "Finalizer"                  daemon [_thread_blocked, id=5056, stack(0x0000007b83c00000,0x0000007b83d00000) (1024K)]
  0x0000019ec8e5f3f0 JavaThread "Signal Dispatcher"          daemon [_thread_blocked, id=16580, stack(0x0000007b83d00000,0x0000007b83e00000) (1024K)]
  0x0000019ec8e61e60 JavaThread "Attach Listener"            daemon [_thread_blocked, id=29564, stack(0x0000007b83e00000,0x0000007b83f00000) (1024K)]
  0x0000019ec8e65630 JavaThread "Service Thread"             daemon [_thread_blocked, id=21668, stack(0x0000007b83f00000,0x0000007b84000000) (1024K)]
  0x0000019ec8e62e60 JavaThread "Monitor Deflation Thread"   daemon [_thread_blocked, id=19020, stack(0x0000007b84000000,0x0000007b84100000) (1024K)]
  0x0000019ec8e96280 JavaThread "C2 CompilerThread0"         daemon [_thread_blocked, id=26312, stack(0x0000007b84100000,0x0000007b84200000) (1024K)]
  0x0000019ec8e9a230 JavaThread "C1 CompilerThread0"         daemon [_thread_blocked, id=21732, stack(0x0000007b84200000,0x0000007b84300000) (1024K)]
  0x0000019f0e0c32d0 JavaThread "Common-Cleaner"             daemon [_thread_blocked, id=22848, stack(0x0000007b84300000,0x0000007b84400000) (1024K)]
  0x0000019f0e2b0340 JavaThread "Notification Thread"        daemon [_thread_blocked, id=14660, stack(0x0000007b84500000,0x0000007b84600000) (1024K)]
  0x0000019f0f3e5df0 JavaThread "Daemon health stats"               [_thread_blocked, id=26820, stack(0x0000007b84600000,0x0000007b84700000) (1024K)]
  0x0000019f0f3e6480 JavaThread "Incoming local TCP Connector on port 57734"        [_thread_in_native, id=25840, stack(0x0000007b84c00000,0x0000007b84d00000) (1024K)]
  0x0000019f0f3e6b10 JavaThread "Daemon periodic checks"            [_thread_blocked, id=26380, stack(0x0000007b84d00000,0x0000007b84e00000) (1024K)]
  0x0000019f0f3e4a40 JavaThread "Daemon"                            [_thread_blocked, id=14932, stack(0x0000007b84e00000,0x0000007b84f00000) (1024K)]
  0x0000019f0f3e7830 JavaThread "Handler for socket connection from /127.0.0.1:57734 to /127.0.0.1:57735"        [_thread_in_native, id=10484, stack(0x0000007b84f00000,0x0000007b85000000) (1024K)]
  0x0000019f0f3e50d0 JavaThread "Cancel handler"                    [_thread_blocked, id=21708, stack(0x0000007b85000000,0x0000007b85100000) (1024K)]
  0x0000019f0f3e5760 JavaThread "Daemon worker"                     [_thread_blocked, id=26404, stack(0x0000007b85100000,0x0000007b85200000) (1024K)]
  0x0000019f0ffa9d20 JavaThread "Asynchronous log dispatcher for DefaultDaemonConnection: socket connection from /127.0.0.1:57734 to /127.0.0.1:57735"        [_thread_blocked, id=12588, stack(0x0000007b85200000,0x0000007b85300000) (1024K)]
  0x0000019f0ffa9690 JavaThread "Stdin handler"                     [_thread_blocked, id=28700, stack(0x0000007b85300000,0x0000007b85400000) (1024K)]
  0x0000019f0ffa75c0 JavaThread "Daemon client event forwarder"        [_thread_blocked, id=19516, stack(0x0000007b85400000,0x0000007b85500000) (1024K)]
  0x0000019f0ffa9000 JavaThread "Cache worker for journal cache (C:\Users\dines\.gradle\caches\journal-1)"        [_thread_blocked, id=16896, stack(0x0000007b85700000,0x0000007b85800000) (1024K)]
  0x0000019f0ffa68a0 JavaThread "File lock request listener"        [_thread_in_native, id=24900, stack(0x0000007b85800000,0x0000007b85900000) (1024K)]
  0x0000019f0ffaa3b0 JavaThread "Cache worker for file hash cache (C:\Users\dines\.gradle\caches\8.11.1\fileHashes)"        [_thread_blocked, id=2892, stack(0x0000007b85900000,0x0000007b85a00000) (1024K)]
  0x0000019f0ffa82e0 JavaThread "Cache worker for file content cache (C:\Users\dines\.gradle\caches\8.11.1\fileContent)"        [_thread_blocked, id=5160, stack(0x0000007b85a00000,0x0000007b85b00000) (1024K)]
  0x0000019f0ffa8970 JavaThread "Cache worker for file hash cache (C:\Users\dines\AndroidStudioProjects\BLE\.gradle\8.11.1\fileHashes)"        [_thread_blocked, id=5436, stack(0x0000007b85d00000,0x0000007b85e00000) (1024K)]
  0x0000019f0ffa6f30 JavaThread "Cache worker for Build Output Cleanup Cache (C:\Users\dines\AndroidStudioProjects\BLE\.gradle\buildOutputCleanup)"        [_thread_blocked, id=1804, stack(0x0000007b85e00000,0x0000007b85f00000) (1024K)]
  0x0000019f0ffac480 JavaThread "File watcher server"        daemon [_thread_in_native, id=27800, stack(0x0000007b85f00000,0x0000007b86000000) (1024K)]
  0x0000019f0ffacb10 JavaThread "File watcher consumer"      daemon [_thread_blocked, id=28752, stack(0x0000007b86000000,0x0000007b86100000) (1024K)]
  0x0000019f0ffadec0 JavaThread "Cache worker for checksums cache (C:\Users\dines\AndroidStudioProjects\BLE\.gradle\8.11.1\checksums)"        [_thread_blocked, id=17536, stack(0x0000007b85b00000,0x0000007b85c00000) (1024K)]
  0x0000019f0ffab760 JavaThread "Cache worker for cache directory md-rule (C:\Users\dines\.gradle\caches\8.11.1\md-rule)"        [_thread_blocked, id=17076, stack(0x0000007b86100000,0x0000007b86200000) (1024K)]
  0x0000019f0ffaaa40 JavaThread "Cache worker for cache directory md-supplier (C:\Users\dines\.gradle\caches\8.11.1\md-supplier)"        [_thread_blocked, id=22040, stack(0x0000007b86200000,0x0000007b86300000) (1024K)]
  0x0000019f0e62b280 JavaThread "C2 CompilerThread1"         daemon [_thread_blocked, id=21532, stack(0x0000007b84400000,0x0000007b84500000) (1024K)]
  0x0000019f231edc60 JavaThread "Unconstrained build operations"        [_thread_blocked, id=7728, stack(0x0000007b86300000,0x0000007b86400000) (1024K)]
  0x0000019f231ee980 JavaThread "Unconstrained build operations Thread 2"        [_thread_blocked, id=7884, stack(0x0000007b86400000,0x0000007b86500000) (1024K)]
  0x0000019f231eb500 JavaThread "Unconstrained build operations Thread 3"        [_thread_blocked, id=17804, stack(0x0000007b86500000,0x0000007b86600000) (1024K)]
  0x0000019f231ecf40 JavaThread "Unconstrained build operations Thread 4"        [_thread_blocked, id=26580, stack(0x0000007b86600000,0x0000007b86700000) (1024K)]
  0x0000019f231ef010 JavaThread "Unconstrained build operations Thread 5"        [_thread_blocked, id=17632, stack(0x0000007b86700000,0x0000007b86800000) (1024K)]
  0x0000019f231ed5d0 JavaThread "Unconstrained build operations Thread 6"        [_thread_blocked, id=8196, stack(0x0000007b86800000,0x0000007b86900000) (1024K)]
  0x0000019f231ef6a0 JavaThread "Unconstrained build operations Thread 7"        [_thread_blocked, id=29056, stack(0x0000007b86900000,0x0000007b86a00000) (1024K)]
  0x0000019f231ec8b0 JavaThread "Unconstrained build operations Thread 8"        [_thread_blocked, id=19976, stack(0x0000007b86a00000,0x0000007b86b00000) (1024K)]
  0x0000019f231ec220 JavaThread "Unconstrained build operations Thread 9"        [_thread_blocked, id=10244, stack(0x0000007b86b00000,0x0000007b86c00000) (1024K)]
  0x0000019f231f0a50 JavaThread "Unconstrained build operations Thread 10"        [_thread_blocked, id=8808, stack(0x0000007b86c00000,0x0000007b86d00000) (1024K)]
  0x0000019f231f2490 JavaThread "Unconstrained build operations Thread 11"        [_thread_blocked, id=24976, stack(0x0000007b86d00000,0x0000007b86e00000) (1024K)]
  0x0000019f231efd30 JavaThread "Unconstrained build operations Thread 12"        [_thread_blocked, id=4704, stack(0x0000007b86e00000,0x0000007b86f00000) (1024K)]
  0x0000019f231f03c0 JavaThread "Unconstrained build operations Thread 13"        [_thread_blocked, id=18916, stack(0x0000007b86f00000,0x0000007b87000000) (1024K)]
  0x0000019f231f10e0 JavaThread "Unconstrained build operations Thread 14"        [_thread_blocked, id=14832, stack(0x0000007b87000000,0x0000007b87100000) (1024K)]
Total: 47

Other Threads:
=>0x0000019ec8e403c0 VMThread "VM Thread"                           [id=25548, stack(0x0000007b83a00000,0x0000007b83b00000) (1024K)]
  0x0000019ec8e2ce60 WatcherThread "VM Periodic Task Thread"        [id=2536, stack(0x0000007b83900000,0x0000007b83a00000) (1024K)]
  0x0000019eac078d70 WorkerThread "GC Thread#0"                     [id=2328, stack(0x0000007b83400000,0x0000007b83500000) (1024K)]
  0x0000019f0e3fc890 WorkerThread "GC Thread#1"                     [id=17520, stack(0x0000007b84700000,0x0000007b84800000) (1024K)]
  0x0000019f0e3fb620 WorkerThread "GC Thread#2"                     [id=16652, stack(0x0000007b84800000,0x0000007b84900000) (1024K)]
  0x0000019f0e3fbd80 WorkerThread "GC Thread#3"                     [id=12332, stack(0x0000007b84900000,0x0000007b84a00000) (1024K)]
  0x0000019f0e3fcff0 WorkerThread "GC Thread#4"                     [id=9688, stack(0x0000007b84a00000,0x0000007b84b00000) (1024K)]
  0x0000019f0efb4b00 WorkerThread "GC Thread#5"                     [id=13772, stack(0x0000007b84b00000,0x0000007b84c00000) (1024K)]
  0x0000019f0efb5260 WorkerThread "GC Thread#6"                     [id=27544, stack(0x0000007b85500000,0x0000007b85600000) (1024K)]
  0x0000019f0efb6880 WorkerThread "GC Thread#7"                     [id=22784, stack(0x0000007b85600000,0x0000007b85700000) (1024K)]
  0x0000019eac08dcd0 ConcurrentGCThread "G1 Main Marker"            [id=336, stack(0x0000007b83500000,0x0000007b83600000) (1024K)]
  0x0000019eac08f610 WorkerThread "G1 Conc#0"                       [id=24364, stack(0x0000007b83600000,0x0000007b83700000) (1024K)]
  0x0000019f126907a0 WorkerThread "G1 Conc#1"                       [id=15408, stack(0x0000007b85c00000,0x0000007b85d00000) (1024K)]
  0x0000019eac0de9a0 ConcurrentGCThread "G1 Refine#0"               [id=13932, stack(0x0000007b83700000,0x0000007b83800000) (1024K)]
  0x0000019ec8d00560 ConcurrentGCThread "G1 Service"                [id=20400, stack(0x0000007b83800000,0x0000007b83900000) (1024K)]
Total: 15

Threads with active compile tasks:
C2 CompilerThread0  22008 12676       4       java.util.AbstractQueue::add (20 bytes)
C1 CompilerThread0  22008 12687   !   3       sun.nio.ch.IOUtil::readIntoNativeBuffer (169 bytes)
C2 CompilerThread1  22008 12170   !   4       java.net.URLClassLoader::defineClass (224 bytes)
Total: 3

VM state: at safepoint (normal execution)

VM Mutex/Monitor currently owned by a thread:  ([mutex/lock_event])
[0x00007ffc3f114888] Threads_lock - owner thread: 0x0000019ec8e403c0
[0x00007ffc3f114988] Heap_lock - owner thread: 0x0000019f0ffaa3b0

Heap address: 0x0000000080000000, size: 2048 MB, Compressed Oops mode: 32-bit

CDS archive(s) mapped at: [0x0000019ec9000000-0x0000019ec9d70000-0x0000019ec9d70000), size 14090240, SharedBaseAddress: 0x0000019ec9000000, ArchiveRelocationMode: 1.
Compressed class space mapped at: 0x0000019eca000000-0x0000019f0a000000, reserved size: 1073741824
Narrow klass base: 0x0000019ec9000000, Narrow klass shift: 0, Narrow klass range: 0x41000000

GC Precious Log:
 CardTable entry size: 512
 Card Set container configuration: InlinePtr #cards 5 size 8 Array Of Cards #cards 10 size 36 Howl #buckets 4 coarsen threshold 1843 Howl Bitmap #cards 512 size 80 coarsen threshold 460 Card regions per heap region 1 cards per card region 2048
 CPUs: 8 total, 8 available
 Memory: 7914M
 Large Page Support: Disabled
 NUMA Support: Disabled
 Compressed Oops: Enabled (32-bit)
 Heap Region Size: 1M
 Heap Min Capacity: 8M
 Heap Initial Capacity: 124M
 Heap Max Capacity: 2G
 Pre-touch: Disabled
 Parallel Workers: 8
 Concurrent Workers: 2
 Concurrent Refinement Workers: 8
 Periodic GC: Disabled

Heap:
 garbage-first heap   total reserved 2097152K, committed 160768K, used 104579K [0x0000000080000000, 0x0000000100000000)
  region size 1024K, 7 young (7168K), 7 survivors (7168K)
 Metaspace       used 112479K, committed 114880K, reserved 1179648K
  class space    used 15195K, committed 16320K, reserved 1048576K

Heap Regions: E=young(eden), S=young(survivor), O=old, HS=humongous(starts), HC=humongous(continues), CS=collection set, F=free, TAMS=top-at-mark-start, PB=parsable bottom
|   0|0x0000000080000000, 0x0000000080100000, 0x0000000080100000|100%| O|  |TAMS 0x0000000080100000| PB 0x0000000080000000| Untracked |  0
|   1|0x0000000080100000, 0x0000000080200000, 0x0000000080200000|100%| O|  |TAMS 0x0000000080200000| PB 0x0000000080100000| Untracked |  0
|   2|0x0000000080200000, 0x0000000080300000, 0x0000000080300000|100%|HS|  |TAMS 0x0000000080300000| PB 0x0000000080200000| Complete |  0
|   3|0x0000000080300000, 0x0000000080400000, 0x0000000080400000|100%|HC|  |TAMS 0x0000000080400000| PB 0x0000000080300000| Complete |  0
|   4|0x0000000080400000, 0x0000000080500000, 0x0000000080500000|100%|HC|  |TAMS 0x0000000080500000| PB 0x0000000080400000| Complete |  0
|   5|0x0000000080500000, 0x0000000080600000, 0x0000000080600000|100%| O|  |TAMS 0x0000000080600000| PB 0x0000000080500000| Untracked |  0
|   6|0x0000000080600000, 0x0000000080700000, 0x0000000080700000|100%| O|  |TAMS 0x0000000080700000| PB 0x0000000080600000| Untracked |  0
|   7|0x0000000080700000, 0x0000000080800000, 0x0000000080800000|100%| O|  |TAMS 0x0000000080800000| PB 0x0000000080700000| Untracked |  0
|   8|0x0000000080800000, 0x0000000080900000, 0x0000000080900000|100%|HS|  |TAMS 0x0000000080900000| PB 0x0000000080800000| Complete |  0
|   9|0x0000000080900000, 0x0000000080a00000, 0x0000000080a00000|100%| O|  |TAMS 0x0000000080a00000| PB 0x0000000080900000| Untracked |  0
|  10|0x0000000080a00000, 0x0000000080b00000, 0x0000000080b00000|100%| O|  |TAMS 0x0000000080b00000| PB 0x0000000080a00000| Untracked |  0
|  11|0x0000000080b00000, 0x0000000080c00000, 0x0000000080c00000|100%| O|  |TAMS 0x0000000080c00000| PB 0x0000000080b00000| Untracked |  0
|  12|0x0000000080c00000, 0x0000000080d00000, 0x0000000080d00000|100%| O|  |TAMS 0x0000000080d00000| PB 0x0000000080c00000| Untracked |  0
|  13|0x0000000080d00000, 0x0000000080e00000, 0x0000000080e00000|100%| O|  |TAMS 0x0000000080e00000| PB 0x0000000080d00000| Untracked |  0
|  14|0x0000000080e00000, 0x0000000080f00000, 0x0000000080f00000|100%| O|  |TAMS 0x0000000080f00000| PB 0x0000000080e00000| Untracked |  0
|  15|0x0000000080f00000, 0x0000000081000000, 0x0000000081000000|100%| O|  |TAMS 0x0000000081000000| PB 0x0000000080f00000| Untracked |  0
|  16|0x0000000081000000, 0x0000000081100000, 0x0000000081100000|100%| O|  |TAMS 0x0000000081100000| PB 0x0000000081000000| Untracked |  0
|  17|0x0000000081100000, 0x0000000081200000, 0x0000000081200000|100%| O|  |TAMS 0x0000000081200000| PB 0x0000000081100000| Untracked |  0
|  18|0x0000000081200000, 0x0000000081300000, 0x0000000081300000|100%| O|  |TAMS 0x0000000081300000| PB 0x0000000081200000| Untracked |  0
|  19|0x0000000081300000, 0x0000000081400000, 0x0000000081400000|100%| O|  |TAMS 0x0000000081400000| PB 0x0000000081300000| Untracked |  0
|  20|0x0000000081400000, 0x0000000081500000, 0x0000000081500000|100%| O|  |TAMS 0x0000000081500000| PB 0x0000000081400000| Untracked |  0
|  21|0x0000000081500000, 0x0000000081600000, 0x0000000081600000|100%| O|  |TAMS 0x0000000081600000| PB 0x0000000081500000| Untracked |  0
|  22|0x0000000081600000, 0x0000000081700000, 0x0000000081700000|100%| O|  |TAMS 0x0000000081700000| PB 0x0000000081600000| Untracked |  0
|  23|0x0000000081700000, 0x0000000081800000, 0x0000000081800000|100%| O|  |TAMS 0x0000000081800000| PB 0x0000000081700000| Untracked |  0
|  24|0x0000000081800000, 0x0000000081900000, 0x0000000081900000|100%| O|  |TAMS 0x0000000081900000| PB 0x0000000081800000| Untracked |  0
|  25|0x0000000081900000, 0x0000000081a00000, 0x0000000081a00000|100%| O|  |TAMS 0x0000000081a00000| PB 0x0000000081900000| Untracked |  0
|  26|0x0000000081a00000, 0x0000000081b00000, 0x0000000081b00000|100%| O|  |TAMS 0x0000000081b00000| PB 0x0000000081a00000| Untracked |  0
|  27|0x0000000081b00000, 0x0000000081c00000, 0x0000000081c00000|100%| O|  |TAMS 0x0000000081c00000| PB 0x0000000081b00000| Untracked |  0
|  28|0x0000000081c00000, 0x0000000081d00000, 0x0000000081d00000|100%| O|  |TAMS 0x0000000081d00000| PB 0x0000000081c00000| Untracked |  0
|  29|0x0000000081d00000, 0x0000000081e00000, 0x0000000081e00000|100%| O|  |TAMS 0x0000000081e00000| PB 0x0000000081d00000| Untracked |  0
|  30|0x0000000081e00000, 0x0000000081f00000, 0x0000000081f00000|100%| O|  |TAMS 0x0000000081f00000| PB 0x0000000081e00000| Untracked |  0
|  31|0x0000000081f00000, 0x0000000082000000, 0x0000000082000000|100%| O|  |TAMS 0x0000000082000000| PB 0x0000000081f00000| Untracked |  0
|  32|0x0000000082000000, 0x0000000082100000, 0x0000000082100000|100%| O|  |TAMS 0x0000000082100000| PB 0x0000000082000000| Untracked |  0
|  33|0x0000000082100000, 0x0000000082200000, 0x0000000082200000|100%| O|  |TAMS 0x0000000082200000| PB 0x0000000082100000| Untracked |  0
|  34|0x0000000082200000, 0x0000000082300000, 0x0000000082300000|100%| O|  |TAMS 0x0000000082300000| PB 0x0000000082200000| Untracked |  0
|  35|0x0000000082300000, 0x0000000082400000, 0x0000000082400000|100%|HS|  |TAMS 0x0000000082400000| PB 0x0000000082300000| Complete |  0
|  36|0x0000000082400000, 0x0000000082500000, 0x0000000082500000|100%| O|  |TAMS 0x0000000082500000| PB 0x0000000082400000| Untracked |  0
|  37|0x0000000082500000, 0x0000000082600000, 0x0000000082600000|100%| O|  |TAMS 0x0000000082600000| PB 0x0000000082500000| Untracked |  0
|  38|0x0000000082600000, 0x0000000082700000, 0x0000000082700000|100%| O|  |TAMS 0x0000000082700000| PB 0x0000000082600000| Untracked |  0
|  39|0x0000000082700000, 0x0000000082800000, 0x0000000082800000|100%| O|  |TAMS 0x0000000082800000| PB 0x0000000082700000| Untracked |  0
|  40|0x0000000082800000, 0x0000000082900000, 0x0000000082900000|100%| O|  |TAMS 0x0000000082900000| PB 0x0000000082800000| Untracked |  0
|  41|0x0000000082900000, 0x0000000082a00000, 0x0000000082a00000|100%| O|  |TAMS 0x0000000082a00000| PB 0x0000000082900000| Untracked |  0
|  42|0x0000000082a00000, 0x0000000082b00000, 0x0000000082b00000|100%| O|  |TAMS 0x0000000082b00000| PB 0x0000000082a00000| Untracked |  0
|  43|0x0000000082b00000, 0x0000000082c00000, 0x0000000082c00000|100%| O|  |TAMS 0x0000000082c00000| PB 0x0000000082b00000| Untracked |  0
|  44|0x0000000082c00000, 0x0000000082d00000, 0x0000000082d00000|100%| O|  |TAMS 0x0000000082d00000| PB 0x0000000082c00000| Untracked |  0
|  45|0x0000000082d00000, 0x0000000082e00000, 0x0000000082e00000|100%| O|  |TAMS 0x0000000082e00000| PB 0x0000000082d00000| Untracked |  0
|  46|0x0000000082e00000, 0x0000000082f00000, 0x0000000082f00000|100%| O|  |TAMS 0x0000000082e00000| PB 0x0000000082e00000| Untracked |  0
|  47|0x0000000082f00000, 0x0000000083000000, 0x0000000083000000|100%| O|  |TAMS 0x0000000083000000| PB 0x0000000082f00000| Untracked |  0
|  48|0x0000000083000000, 0x0000000083100000, 0x0000000083100000|100%|HS|  |TAMS 0x0000000083100000| PB 0x0000000083000000| Complete |  0
|  49|0x0000000083100000, 0x0000000083200000, 0x0000000083200000|100%|HC|  |TAMS 0x0000000083200000| PB 0x0000000083100000| Complete |  0
|  50|0x0000000083200000, 0x0000000083300000, 0x0000000083300000|100%|HC|  |TAMS 0x0000000083300000| PB 0x0000000083200000| Complete |  0
|  51|0x0000000083300000, 0x0000000083400000, 0x0000000083400000|100%|HC|  |TAMS 0x0000000083400000| PB 0x0000000083300000| Complete |  0
|  52|0x0000000083400000, 0x0000000083500000, 0x0000000083500000|100%|HC|  |TAMS 0x0000000083500000| PB 0x0000000083400000| Complete |  0
|  53|0x0000000083500000, 0x0000000083600000, 0x0000000083600000|100%|HC|  |TAMS 0x0000000083600000| PB 0x0000000083500000| Complete |  0
|  54|0x0000000083600000, 0x0000000083700000, 0x0000000083700000|100%| O|  |TAMS 0x0000000083600000| PB 0x0000000083600000| Untracked |  0
|  55|0x0000000083700000, 0x0000000083800000, 0x0000000083800000|100%| O|  |TAMS 0x0000000083800000| PB 0x0000000083700000| Untracked |  0
|  56|0x0000000083800000, 0x0000000083900000, 0x0000000083900000|100%| O|  |TAMS 0x0000000083900000| PB 0x0000000083800000| Untracked |  0
|  57|0x0000000083900000, 0x0000000083a00000, 0x0000000083a00000|100%| O|  |TAMS 0x0000000083a00000| PB 0x0000000083900000| Untracked |  0
|  58|0x0000000083a00000, 0x0000000083b00000, 0x0000000083b00000|100%| O|  |TAMS 0x0000000083b00000| PB 0x0000000083a00000| Untracked |  0
|  59|0x0000000083b00000, 0x0000000083c00000, 0x0000000083c00000|100%| O|  |TAMS 0x0000000083c00000| PB 0x0000000083b00000| Untracked |  0
|  60|0x0000000083c00000, 0x0000000083d00000, 0x0000000083d00000|100%| O|  |TAMS 0x0000000083c00000| PB 0x0000000083c00000| Untracked |  0
|  61|0x0000000083d00000, 0x0000000083e00000, 0x0000000083e00000|100%| O|  |TAMS 0x0000000083d00000| PB 0x0000000083d00000| Untracked |  0
|  62|0x0000000083e00000, 0x0000000083e6f168, 0x0000000083f00000| 43%| O|  |TAMS 0x0000000083e00000| PB 0x0000000083e00000| Untracked |  0
|  63|0x0000000083f00000, 0x0000000083f00000, 0x0000000084000000|  0%| F|  |TAMS 0x0000000083f00000| PB 0x0000000083f00000| Untracked |  0
|  64|0x0000000084000000, 0x0000000084100000, 0x0000000084100000|100%| O|  |TAMS 0x0000000084100000| PB 0x0000000084000000| Untracked |  0
|  65|0x0000000084100000, 0x0000000084100000, 0x0000000084200000|  0%| F|  |TAMS 0x0000000084100000| PB 0x0000000084100000| Untracked |  0
|  66|0x0000000084200000, 0x0000000084200000, 0x0000000084300000|  0%| F|  |TAMS 0x0000000084200000| PB 0x0000000084200000| Untracked |  0
|  67|0x0000000084300000, 0x00000000843b1e70, 0x0000000084400000| 69%| S|CS|TAMS 0x0000000084300000| PB 0x0000000084300000| Complete |  0
|  68|0x0000000084400000, 0x0000000084500000, 0x0000000084500000|100%| O|  |TAMS 0x0000000084500000| PB 0x0000000084400000| Untracked |  0
|  69|0x0000000084500000, 0x0000000084600000, 0x0000000084600000|100%| S|CS|TAMS 0x0000000084500000| PB 0x0000000084500000| Complete |  0
|  70|0x0000000084600000, 0x0000000084700000, 0x0000000084700000|100%| O|  |TAMS 0x0000000084700000| PB 0x0000000084600000| Untracked |  0
|  71|0x0000000084700000, 0x0000000084800000, 0x0000000084800000|100%| O|  |TAMS 0x0000000084800000| PB 0x0000000084700000| Untracked |  0
|  72|0x0000000084800000, 0x0000000084900000, 0x0000000084900000|100%| O|  |TAMS 0x0000000084900000| PB 0x0000000084800000| Untracked |  0
|  73|0x0000000084900000, 0x0000000084a00000, 0x0000000084a00000|100%| O|  |TAMS 0x0000000084a00000| PB 0x0000000084900000| Untracked |  0
|  74|0x0000000084a00000, 0x0000000084b00000, 0x0000000084b00000|100%| O|  |TAMS 0x0000000084b00000| PB 0x0000000084a00000| Untracked |  0
|  75|0x0000000084b00000, 0x0000000084c00000, 0x0000000084c00000|100%| O|  |TAMS 0x0000000084c00000| PB 0x0000000084b00000| Untracked |  0
|  76|0x0000000084c00000, 0x0000000084d00000, 0x0000000084d00000|100%| O|  |TAMS 0x0000000084d00000| PB 0x0000000084c00000| Untracked |  0
|  77|0x0000000084d00000, 0x0000000084e00000, 0x0000000084e00000|100%| O|  |TAMS 0x0000000084e00000| PB 0x0000000084d00000| Untracked |  0
|  78|0x0000000084e00000, 0x0000000084f00000, 0x0000000084f00000|100%| O|  |TAMS 0x0000000084f00000| PB 0x0000000084e00000| Untracked |  0
|  79|0x0000000084f00000, 0x0000000085000000, 0x0000000085000000|100%| O|  |TAMS 0x0000000085000000| PB 0x0000000084f00000| Untracked |  0
|  80|0x0000000085000000, 0x0000000085100000, 0x0000000085100000|100%| O|  |TAMS 0x0000000085100000| PB 0x0000000085000000| Untracked |  0
|  81|0x0000000085100000, 0x0000000085200000, 0x0000000085200000|100%| O|  |TAMS 0x0000000085200000| PB 0x0000000085100000| Untracked |  0
|  82|0x0000000085200000, 0x0000000085300000, 0x0000000085300000|100%| O|  |TAMS 0x0000000085300000| PB 0x0000000085200000| Untracked |  0
|  83|0x0000000085300000, 0x0000000085400000, 0x0000000085400000|100%| O|  |TAMS 0x0000000085400000| PB 0x0000000085300000| Untracked |  0
|  84|0x0000000085400000, 0x0000000085500000, 0x0000000085500000|100%| O|  |TAMS 0x0000000085500000| PB 0x0000000085400000| Untracked |  0
|  85|0x0000000085500000, 0x0000000085600000, 0x0000000085600000|100%| O|  |TAMS 0x0000000085600000| PB 0x0000000085500000| Untracked |  0
|  86|0x0000000085600000, 0x0000000085700000, 0x0000000085700000|100%| O|  |TAMS 0x0000000085700000| PB 0x0000000085600000| Untracked |  0
|  87|0x0000000085700000, 0x0000000085800000, 0x0000000085800000|100%| O|  |TAMS 0x0000000085800000| PB 0x0000000085700000| Untracked |  0
|  88|0x0000000085800000, 0x0000000085900000, 0x0000000085900000|100%| O|  |TAMS 0x0000000085900000| PB 0x0000000085800000| Untracked |  0
|  89|0x0000000085900000, 0x0000000085a00000, 0x0000000085a00000|100%| S|CS|TAMS 0x0000000085900000| PB 0x0000000085900000| Complete |  0
|  90|0x0000000085a00000, 0x0000000085b00000, 0x0000000085b00000|100%| O|  |TAMS 0x0000000085b00000| PB 0x0000000085a00000| Untracked |  0
|  91|0x0000000085b00000, 0x0000000085c00000, 0x0000000085c00000|100%| O|  |TAMS 0x0000000085c00000| PB 0x0000000085b00000| Untracked |  0
|  92|0x0000000085c00000, 0x0000000085d00000, 0x0000000085d00000|100%| O|  |TAMS 0x0000000085d00000| PB 0x0000000085c00000| Untracked |  0
|  93|0x0000000085d00000, 0x0000000085e00000, 0x0000000085e00000|100%| O|  |TAMS 0x0000000085e00000| PB 0x0000000085d00000| Untracked |  0
|  94|0x0000000085e00000, 0x0000000085f00000, 0x0000000085f00000|100%| O|  |TAMS 0x0000000085f00000| PB 0x0000000085e00000| Untracked |  0
|  95|0x0000000085f00000, 0x0000000086000000, 0x0000000086000000|100%| O|  |TAMS 0x0000000086000000| PB 0x0000000085f00000| Untracked |  0
|  96|0x0000000086000000, 0x0000000086100000, 0x0000000086100000|100%| O|  |TAMS 0x0000000086100000| PB 0x0000000086000000| Untracked |  0
|  97|0x0000000086100000, 0x0000000086200000, 0x0000000086200000|100%| O|  |TAMS 0x0000000086113be8| PB 0x0000000086100000| Untracked |  0
|  98|0x0000000086200000, 0x0000000086200000, 0x0000000086300000|  0%| F|  |TAMS 0x0000000086200000| PB 0x0000000086200000| Untracked |  0
|  99|0x0000000086300000, 0x0000000086300000, 0x0000000086400000|  0%| F|  |TAMS 0x0000000086300000| PB 0x0000000086300000| Untracked |  0
| 100|0x0000000086400000, 0x0000000086400000, 0x0000000086500000|  0%| F|  |TAMS 0x0000000086400000| PB 0x0000000086400000| Untracked |  0
| 101|0x0000000086500000, 0x0000000086500000, 0x0000000086600000|  0%| F|  |TAMS 0x0000000086500000| PB 0x0000000086500000| Untracked |  0
| 102|0x0000000086600000, 0x0000000086600000, 0x0000000086700000|  0%| F|  |TAMS 0x0000000086600000| PB 0x0000000086600000| Untracked |  0
| 103|0x0000000086700000, 0x0000000086700000, 0x0000000086800000|  0%| F|  |TAMS 0x0000000086700000| PB 0x0000000086700000| Untracked |  0
| 104|0x0000000086800000, 0x0000000086900000, 0x0000000086900000|100%| S|CS|TAMS 0x0000000086800000| PB 0x0000000086800000| Complete |  0
| 105|0x0000000086900000, 0x0000000086a00000, 0x0000000086a00000|100%| S|CS|TAMS 0x0000000086900000| PB 0x0000000086900000| Complete |  0
| 106|0x0000000086a00000, 0x0000000086b00000, 0x0000000086b00000|100%| S|CS|TAMS 0x0000000086a00000| PB 0x0000000086a00000| Complete |  0
| 107|0x0000000086b00000, 0x0000000086c00000, 0x0000000086c00000|100%| S|CS|TAMS 0x0000000086b00000| PB 0x0000000086b00000| Complete |  0
| 108|0x0000000086c00000, 0x0000000086c00000, 0x0000000086d00000|  0%| F|  |TAMS 0x0000000086c00000| PB 0x0000000086c00000| Untracked |  0
| 109|0x0000000086d00000, 0x0000000086d00000, 0x0000000086e00000|  0%| F|  |TAMS 0x0000000086d00000| PB 0x0000000086d00000| Untracked |  0
| 110|0x0000000086e00000, 0x0000000086e00000, 0x0000000086f00000|  0%| F|  |TAMS 0x0000000086e00000| PB 0x0000000086e00000| Untracked |  0
| 111|0x0000000086f00000, 0x0000000086f00000, 0x0000000087000000|  0%| F|  |TAMS 0x0000000086f00000| PB 0x0000000086f00000| Untracked |  0
| 112|0x0000000087000000, 0x0000000087000000, 0x0000000087100000|  0%| F|  |TAMS 0x0000000087000000| PB 0x0000000087000000| Untracked |  0
| 113|0x0000000087100000, 0x0000000087100000, 0x0000000087200000|  0%| F|  |TAMS 0x0000000087100000| PB 0x0000000087100000| Untracked |  0
| 114|0x0000000087200000, 0x0000000087200000, 0x0000000087300000|  0%| F|  |TAMS 0x0000000087200000| PB 0x0000000087200000| Untracked |  0
| 115|0x0000000087300000, 0x0000000087300000, 0x0000000087400000|  0%| F|  |TAMS 0x0000000087300000| PB 0x0000000087300000| Untracked |  0
| 116|0x0000000087400000, 0x0000000087400000, 0x0000000087500000|  0%| F|  |TAMS 0x0000000087400000| PB 0x0000000087400000| Untracked |  0
| 117|0x0000000087500000, 0x0000000087500000, 0x0000000087600000|  0%| F|  |TAMS 0x0000000087500000| PB 0x0000000087500000| Untracked |  0
| 118|0x0000000087600000, 0x0000000087600000, 0x0000000087700000|  0%| F|  |TAMS 0x0000000087600000| PB 0x0000000087600000| Untracked |  0
| 119|0x0000000087700000, 0x0000000087700000, 0x0000000087800000|  0%| F|  |TAMS 0x0000000087700000| PB 0x0000000087700000| Untracked |  0
| 120|0x0000000087800000, 0x0000000087800000, 0x0000000087900000|  0%| F|  |TAMS 0x0000000087800000| PB 0x0000000087800000| Untracked |  0
| 121|0x0000000087900000, 0x0000000087900000, 0x0000000087a00000|  0%| F|  |TAMS 0x0000000087900000| PB 0x0000000087900000| Untracked |  0
| 122|0x0000000087a00000, 0x0000000087a00000, 0x0000000087b00000|  0%| F|  |TAMS 0x0000000087a00000| PB 0x0000000087a00000| Untracked |  0
| 123|0x0000000087b00000, 0x0000000087b00000, 0x0000000087c00000|  0%| F|  |TAMS 0x0000000087b00000| PB 0x0000000087b00000| Untracked |  0
| 124|0x0000000087c00000, 0x0000000087c00000, 0x0000000087d00000|  0%| F|  |TAMS 0x0000000087c00000| PB 0x0000000087c00000| Untracked |  0
| 125|0x0000000087d00000, 0x0000000087d00000, 0x0000000087e00000|  0%| F|  |TAMS 0x0000000087d00000| PB 0x0000000087d00000| Untracked |  0
| 126|0x0000000087e00000, 0x0000000087e00000, 0x0000000087f00000|  0%| F|  |TAMS 0x0000000087e00000| PB 0x0000000087e00000| Untracked |  0
| 127|0x0000000087f00000, 0x0000000087f00000, 0x0000000088000000|  0%| F|  |TAMS 0x0000000087f00000| PB 0x0000000087f00000| Untracked |  0
| 128|0x0000000088000000, 0x0000000088000000, 0x0000000088100000|  0%| F|  |TAMS 0x0000000088000000| PB 0x0000000088000000| Untracked |  0
| 129|0x0000000088100000, 0x0000000088100000, 0x0000000088200000|  0%| F|  |TAMS 0x0000000088100000| PB 0x0000000088100000| Untracked |  0
| 130|0x0000000088200000, 0x0000000088200000, 0x0000000088300000|  0%| F|  |TAMS 0x0000000088200000| PB 0x0000000088200000| Untracked |  0
| 131|0x0000000088300000, 0x0000000088300000, 0x0000000088400000|  0%| F|  |TAMS 0x0000000088300000| PB 0x0000000088300000| Untracked |  0
| 132|0x0000000088400000, 0x0000000088400000, 0x0000000088500000|  0%| F|  |TAMS 0x0000000088400000| PB 0x0000000088400000| Untracked |  0
| 133|0x0000000088500000, 0x0000000088500000, 0x0000000088600000|  0%| F|  |TAMS 0x0000000088500000| PB 0x0000000088500000| Untracked |  0
| 134|0x0000000088600000, 0x0000000088600000, 0x0000000088700000|  0%| F|  |TAMS 0x0000000088600000| PB 0x0000000088600000| Untracked |  0
| 135|0x0000000088700000, 0x0000000088700000, 0x0000000088800000|  0%| F|  |TAMS 0x0000000088700000| PB 0x0000000088700000| Untracked |  0
| 136|0x0000000088800000, 0x0000000088800000, 0x0000000088900000|  0%| F|  |TAMS 0x0000000088800000| PB 0x0000000088800000| Untracked |  0
| 137|0x0000000088900000, 0x0000000088900000, 0x0000000088a00000|  0%| F|  |TAMS 0x0000000088900000| PB 0x0000000088900000| Untracked |  0
| 138|0x0000000088a00000, 0x0000000088a00000, 0x0000000088b00000|  0%| F|  |TAMS 0x0000000088a00000| PB 0x0000000088a00000| Untracked |  0
| 139|0x0000000088b00000, 0x0000000088b00000, 0x0000000088c00000|  0%| F|  |TAMS 0x0000000088b00000| PB 0x0000000088b00000| Untracked |  0
| 140|0x0000000088c00000, 0x0000000088c00000, 0x0000000088d00000|  0%| F|  |TAMS 0x0000000088c00000| PB 0x0000000088c00000| Untracked |  0
| 141|0x0000000088d00000, 0x0000000088d00000, 0x0000000088e00000|  0%| F|  |TAMS 0x0000000088d00000| PB 0x0000000088d00000| Untracked |  0
| 142|0x0000000088e00000, 0x0000000088e00000, 0x0000000088f00000|  0%| F|  |TAMS 0x0000000088e00000| PB 0x0000000088e00000| Untracked |  0
| 143|0x0000000088f00000, 0x0000000088f00000, 0x0000000089000000|  0%| F|  |TAMS 0x0000000088f00000| PB 0x0000000088f00000| Untracked |  0
| 144|0x0000000089000000, 0x0000000089000000, 0x0000000089100000|  0%| F|  |TAMS 0x0000000089000000| PB 0x0000000089000000| Untracked |  0
| 145|0x0000000089100000, 0x0000000089100000, 0x0000000089200000|  0%| F|  |TAMS 0x0000000089100000| PB 0x0000000089100000| Untracked |  0
| 146|0x0000000089200000, 0x0000000089200000, 0x0000000089300000|  0%| F|  |TAMS 0x0000000089200000| PB 0x0000000089200000| Untracked |  0
| 147|0x0000000089300000, 0x0000000089300000, 0x0000000089400000|  0%| F|  |TAMS 0x0000000089300000| PB 0x0000000089300000| Untracked |  0
| 148|0x0000000089400000, 0x0000000089400000, 0x0000000089500000|  0%| F|  |TAMS 0x0000000089400000| PB 0x0000000089400000| Untracked |  0
|2040|0x00000000ff800000, 0x00000000ff800000, 0x00000000ff900000|  0%| F|  |TAMS 0x00000000ff800000| PB 0x00000000ff800000| Untracked |  0
|2041|0x00000000ff900000, 0x00000000ff900000, 0x00000000ffa00000|  0%| F|  |TAMS 0x00000000ff900000| PB 0x00000000ff900000| Untracked |  0
|2042|0x00000000ffa00000, 0x00000000ffa00000, 0x00000000ffb00000|  0%| F|  |TAMS 0x00000000ffa00000| PB 0x00000000ffa00000| Untracked |  0
|2043|0x00000000ffb00000, 0x00000000ffb00000, 0x00000000ffc00000|  0%| F|  |TAMS 0x00000000ffb00000| PB 0x00000000ffb00000| Untracked |  0
|2044|0x00000000ffc00000, 0x00000000ffd00000, 0x00000000ffd00000|100%| O|  |TAMS 0x00000000ffd00000| PB 0x00000000ffc00000| Untracked |  0
|2045|0x00000000ffd00000, 0x00000000ffe00000, 0x00000000ffe00000|100%| O|  |TAMS 0x00000000ffe00000| PB 0x00000000ffd00000| Untracked |  0
|2046|0x00000000ffe00000, 0x00000000fff00000, 0x00000000fff00000|100%| O|  |TAMS 0x00000000fff00000| PB 0x00000000ffe00000| Untracked |  0
|2047|0x00000000fff00000, 0x0000000100000000, 0x0000000100000000|100%| O|  |TAMS 0x0000000100000000| PB 0x00000000fff00000| Untracked |  0

Card table byte_map: [0x0000019ec3fa0000,0x0000019ec43a0000] _byte_map_base: 0x0000019ec3ba0000

Marking Bits: (CMBitMap*) 0x0000019eac079390
 Bits: [0x0000019ec43a0000, 0x0000019ec63a0000)

Polling page: 0x0000019ea9e80000

Metaspace:

Usage:
  Non-class:     95.00 MB used.
      Class:     14.84 MB used.
       Both:    109.84 MB used.

Virtual space:
  Non-class space:      128.00 MB reserved,      96.25 MB ( 75%) committed,  2 nodes.
      Class space:        1.00 GB reserved,      15.94 MB (  2%) committed,  1 nodes.
             Both:        1.12 GB reserved,     112.19 MB ( 10%) committed. 

Chunk freelists:
   Non-Class:  15.36 MB
       Class:  112.00 KB
        Both:  15.47 MB

MaxMetaspaceSize: unlimited
CompressedClassSpaceSize: 1.00 GB
Initial GC threshold: 21.00 MB
Current GC threshold: 181.69 MB
CDS: on
 - commit_granule_bytes: 65536.
 - commit_granule_words: 8192.
 - virtual_space_node_default_size: 8388608.
 - enlarge_chunks_in_place: 1.
 - use_allocation_guard: 0.


Internal statistics:

num_allocs_failed_limit: 12.
num_arena_births: 4102.
num_arena_deaths: 0.
num_vsnodes_births: 3.
num_vsnodes_deaths: 0.
num_space_committed: 1794.
num_space_uncommitted: 0.
num_chunks_returned_to_freelist: 12.
num_chunks_taken_from_freelist: 8700.
num_chunk_merges: 12.
num_chunk_splits: 6165.
num_chunks_enlarged: 4380.
num_inconsistent_stats: 0.

CodeHeap 'non-profiled nmethods': size=120064Kb used=4869Kb max_used=4869Kb free=115195Kb
 bounds [0x0000019ebc220000, 0x0000019ebc6f0000, 0x0000019ec3760000]
CodeHeap 'profiled nmethods': size=120000Kb used=17937Kb max_used=17937Kb free=102062Kb
 bounds [0x0000019eb4760000, 0x0000019eb58f0000, 0x0000019ebbc90000]
CodeHeap 'non-nmethods': size=5696Kb used=2540Kb max_used=2618Kb free=3155Kb
 bounds [0x0000019ebbc90000, 0x0000019ebbf30000, 0x0000019ebc220000]
CodeCache: size=245760Kb, used=25346Kb, max_used=25424Kb, free=220412Kb
 total_blobs=12101, nmethods=11096, adapters=908, full_count=0
Compilation: enabled, stopped_count=0, restarted_count=0

Compilation events (20 events):
Event: 20.636 Thread 0x0000019ec8e9a230 nmethod 12672 0x0000019eb58e1d08 code [0x0000019eb58e1e40, 0x0000019eb58e2250]
Event: 20.636 Thread 0x0000019ec8e9a230 12677       3       org.gradle.internal.snapshot.SingletonChildMap$2::withReplacedChild (10 bytes)
Event: 20.636 Thread 0x0000019ec8e9a230 nmethod 12677 0x0000019eb58e2288 code [0x0000019eb58e23c0, 0x0000019eb58e2558]
Event: 20.636 Thread 0x0000019ec8e9a230 12679       3       org.gradle.internal.operations.BuildOperationDescriptor$Builder::details (7 bytes)
Event: 20.636 Thread 0x0000019ec8e9a230 nmethod 12679 0x0000019eb58e2588 code [0x0000019eb58e26a0, 0x0000019eb58e27f8]
Event: 20.636 Thread 0x0000019ec8e9a230 12678       3       java.util.stream.Streams$AbstractStreamBuilderImpl::estimateSize (9 bytes)
Event: 20.636 Thread 0x0000019ec8e9a230 nmethod 12678 0x0000019eb58e2888 code [0x0000019eb58e29a0, 0x0000019eb58e2ab8]
Event: 20.636 Thread 0x0000019ec8e9a230 12680       3       com.google.common.collect.ImmutableMapEntrySet::size (8 bytes)
Event: 20.637 Thread 0x0000019ec8e9a230 nmethod 12680 0x0000019eb58e2b88 code [0x0000019eb58e2cc0, 0x0000019eb58e2f50]
Event: 20.637 Thread 0x0000019ec8e9a230 12681       3       org.gradle.internal.snapshot.AbstractFileSystemLocationSnapshot::rootSnapshots (5 bytes)
Event: 20.637 Thread 0x0000019ec8e9a230 nmethod 12681 0x0000019eb58e2f88 code [0x0000019eb58e30e0, 0x0000019eb58e3458]
Event: 20.637 Thread 0x0000019ec8e9a230 12682       3       org.gradle.internal.snapshot.SingletonChildMap$2::withReplacedChild (16 bytes)
Event: 20.637 Thread 0x0000019ec8e9a230 nmethod 12682 0x0000019eb58e3508 code [0x0000019eb58e3640, 0x0000019eb58e38a0]
Event: 20.638 Thread 0x0000019ec8e9a230 12684       3       org.gradle.internal.operations.DefaultBuildOperationListenerManager$ProgressShieldingBuildOperationListener::started (29 bytes)
Event: 20.638 Thread 0x0000019ec8e9a230 nmethod 12684 0x0000019eb58e3908 code [0x0000019eb58e3a40, 0x0000019eb58e3d30]
Event: 20.638 Thread 0x0000019ec8e9a230 12686       3       java.util.Spliterators$EmptySpliterator$OfRef::forEachRemaining (6 bytes)
Event: 20.638 Thread 0x0000019ec8e9a230 nmethod 12686 0x0000019eb58e3d88 code [0x0000019eb58e3ec0, 0x0000019eb58e4178]
Event: 20.638 Thread 0x0000019ec8e9a230 12685       3       net.rubygrapefruit.platform.internal.DefaultWindowsFiles::stat (7 bytes)
Event: 20.638 Thread 0x0000019ec8e9a230 nmethod 12685 0x0000019eb58e4208 code [0x0000019eb58e4320, 0x0000019eb58e4478]
Event: 20.638 Thread 0x0000019ec8e9a230 12687   !   3       sun.nio.ch.IOUtil::readIntoNativeBuffer (169 bytes)

GC Heap History (20 events):
Event: 13.647 GC heap after
{Heap after GC invocations=23 (full 0):
 garbage-first heap   total reserved 2097152K, committed 144384K, used 71914K [0x0000000080000000, 0x0000000100000000)
  region size 1024K, 6 young (6144K), 6 survivors (6144K)
 Metaspace       used 78036K, committed 79872K, reserved 1179648K
  class space    used 10917K, committed 11776K, reserved 1048576K
}
Event: 14.502 GC heap before
{Heap before GC invocations=23 (full 0):
 garbage-first heap   total reserved 2097152K, committed 144384K, used 127210K [0x0000000080000000, 0x0000000100000000)
  region size 1024K, 60 young (61440K), 6 survivors (6144K)
 Metaspace       used 84474K, committed 86336K, reserved 1179648K
  class space    used 11601K, committed 12480K, reserved 1048576K
}
Event: 14.510 GC heap after
{Heap after GC invocations=24 (full 0):
 garbage-first heap   total reserved 2097152K, committed 144384K, used 76579K [0x0000000080000000, 0x0000000100000000)
  region size 1024K, 8 young (8192K), 8 survivors (8192K)
 Metaspace       used 84474K, committed 86336K, reserved 1179648K
  class space    used 11601K, committed 12480K, reserved 1048576K
}
Event: 15.322 GC heap before
{Heap before GC invocations=25 (full 0):
 garbage-first heap   total reserved 2097152K, committed 144384K, used 126755K [0x0000000080000000, 0x0000000100000000)
  region size 1024K, 58 young (59392K), 8 survivors (8192K)
 Metaspace       used 92391K, committed 94272K, reserved 1179648K
  class space    used 12474K, committed 13376K, reserved 1048576K
}
Event: 15.330 GC heap after
{Heap after GC invocations=26 (full 0):
 garbage-first heap   total reserved 2097152K, committed 144384K, used 78460K [0x0000000080000000, 0x0000000100000000)
  region size 1024K, 3 young (3072K), 3 survivors (3072K)
 Metaspace       used 92391K, committed 94272K, reserved 1179648K
  class space    used 12474K, committed 13376K, reserved 1048576K
}
Event: 16.454 GC heap before
{Heap before GC invocations=26 (full 0):
 garbage-first heap   total reserved 2097152K, committed 144384K, used 130684K [0x0000000080000000, 0x0000000100000000)
  region size 1024K, 54 young (55296K), 3 survivors (3072K)
 Metaspace       used 99432K, committed 101568K, reserved 1179648K
  class space    used 13354K, committed 14336K, reserved 1048576K
}
Event: 16.460 GC heap after
{Heap after GC invocations=27 (full 0):
 garbage-first heap   total reserved 2097152K, committed 144384K, used 80539K [0x0000000080000000, 0x0000000100000000)
  region size 1024K, 5 young (5120K), 5 survivors (5120K)
 Metaspace       used 99432K, committed 101568K, reserved 1179648K
  class space    used 13354K, committed 14336K, reserved 1048576K
}
Event: 16.899 GC heap before
{Heap before GC invocations=27 (full 0):
 garbage-first heap   total reserved 2097152K, committed 144384K, used 114331K [0x0000000080000000, 0x0000000100000000)
  region size 1024K, 39 young (39936K), 5 survivors (5120K)
 Metaspace       used 101296K, committed 103424K, reserved 1179648K
  class space    used 13648K, committed 14656K, reserved 1048576K
}
Event: 16.908 GC heap after
{Heap after GC invocations=28 (full 0):
 garbage-first heap   total reserved 2097152K, committed 144384K, used 84942K [0x0000000080000000, 0x0000000100000000)
  region size 1024K, 7 young (7168K), 7 survivors (7168K)
 Metaspace       used 101296K, committed 103424K, reserved 1179648K
  class space    used 13648K, committed 14656K, reserved 1048576K
}
Event: 17.211 GC heap before
{Heap before GC invocations=29 (full 0):
 garbage-first heap   total reserved 2097152K, committed 144384K, used 129998K [0x0000000080000000, 0x0000000100000000)
  region size 1024K, 50 young (51200K), 7 survivors (7168K)
 Metaspace       used 101437K, committed 103552K, reserved 1179648K
  class space    used 13648K, committed 14656K, reserved 1048576K
}
Event: 17.220 GC heap after
{Heap after GC invocations=30 (full 0):
 garbage-first heap   total reserved 2097152K, committed 144384K, used 88943K [0x0000000080000000, 0x0000000100000000)
  region size 1024K, 5 young (5120K), 5 survivors (5120K)
 Metaspace       used 101437K, committed 103552K, reserved 1179648K
  class space    used 13648K, committed 14656K, reserved 1048576K
}
Event: 18.251 GC heap before
{Heap before GC invocations=30 (full 0):
 garbage-first heap   total reserved 2097152K, committed 144384K, used 129903K [0x0000000080000000, 0x0000000100000000)
  region size 1024K, 45 young (46080K), 5 survivors (5120K)
 Metaspace       used 105037K, committed 107200K, reserved 1179648K
  class space    used 14108K, committed 15104K, reserved 1048576K
}
Event: 18.261 GC heap after
{Heap after GC invocations=31 (full 0):
 garbage-first heap   total reserved 2097152K, committed 144384K, used 92153K [0x0000000080000000, 0x0000000100000000)
  region size 1024K, 5 young (5120K), 5 survivors (5120K)
 Metaspace       used 105037K, committed 107200K, reserved 1179648K
  class space    used 14108K, committed 15104K, reserved 1048576K
}
Event: 18.945 GC heap before
{Heap before GC invocations=31 (full 0):
 garbage-first heap   total reserved 2097152K, committed 144384K, used 129017K [0x0000000080000000, 0x0000000100000000)
  region size 1024K, 42 young (43008K), 5 survivors (5120K)
 Metaspace       used 109143K, committed 111552K, reserved 1179648K
  class space    used 14800K, committed 15936K, reserved 1048576K
}
Event: 18.953 GC heap after
{Heap after GC invocations=32 (full 0):
 garbage-first heap   total reserved 2097152K, committed 144384K, used 95451K [0x0000000080000000, 0x0000000100000000)
  region size 1024K, 3 young (3072K), 3 survivors (3072K)
 Metaspace       used 109143K, committed 111552K, reserved 1179648K
  class space    used 14800K, committed 15936K, reserved 1048576K
}
Event: 19.112 GC heap before
{Heap before GC invocations=33 (full 0):
 garbage-first heap   total reserved 2097152K, committed 160768K, used 132315K [0x0000000080000000, 0x0000000100000000)
  region size 1024K, 38 young (38912K), 3 survivors (3072K)
 Metaspace       used 109235K, committed 111616K, reserved 1179648K
  class space    used 14800K, committed 15936K, reserved 1048576K
}
Event: 19.118 GC heap after
{Heap after GC invocations=34 (full 0):
 garbage-first heap   total reserved 2097152K, committed 160768K, used 100881K [0x0000000080000000, 0x0000000100000000)
  region size 1024K, 5 young (5120K), 5 survivors (5120K)
 Metaspace       used 109235K, committed 111616K, reserved 1179648K
  class space    used 14800K, committed 15936K, reserved 1048576K
}
Event: 19.665 GC heap before
{Heap before GC invocations=34 (full 0):
 garbage-first heap   total reserved 2097152K, committed 160768K, used 145937K [0x0000000080000000, 0x0000000100000000)
  region size 1024K, 49 young (50176K), 5 survivors (5120K)
 Metaspace       used 110985K, committed 113280K, reserved 1179648K
  class space    used 15003K, committed 16064K, reserved 1048576K
}
Event: 19.676 GC heap after
{Heap after GC invocations=35 (full 0):
 garbage-first heap   total reserved 2097152K, committed 160768K, used 97570K [0x0000000080000000, 0x0000000100000000)
  region size 1024K, 6 young (6144K), 6 survivors (6144K)
 Metaspace       used 110985K, committed 113280K, reserved 1179648K
  class space    used 15003K, committed 16064K, reserved 1048576K
}
Event: 20.640 GC heap before
{Heap before GC invocations=35 (full 0):
 garbage-first heap   total reserved 2097152K, committed 160768K, used 142626K [0x0000000080000000, 0x0000000100000000)
  region size 1024K, 51 young (52224K), 6 survivors (6144K)
 Metaspace       used 112479K, committed 114880K, reserved 1179648K
  class space    used 15195K, committed 16320K, reserved 1048576K
}

Dll operation events (15 events):
Event: 0.013 Loaded shared library C:\Program Files\Java\jdk-23\bin\java.dll
Event: 0.045 Loaded shared library C:\Program Files\Java\jdk-23\bin\jsvml.dll
Event: 0.087 Loaded shared library C:\Program Files\Java\jdk-23\bin\zip.dll
Event: 0.092 Loaded shared library C:\Program Files\Java\jdk-23\bin\instrument.dll
Event: 0.095 Loaded shared library C:\Program Files\Java\jdk-23\bin\net.dll
Event: 0.096 Loaded shared library C:\Program Files\Java\jdk-23\bin\nio.dll
Event: 0.098 Loaded shared library C:\Program Files\Java\jdk-23\bin\zip.dll
Event: 0.327 Loaded shared library C:\Program Files\Java\jdk-23\bin\jimage.dll
Event: 0.481 Loaded shared library C:\Program Files\Java\jdk-23\bin\verify.dll
Event: 0.666 Loaded shared library C:\Users\dines\.gradle\native\c067742578af261105cb4f569cf0c3c89f3d7b1fecec35dd04571415982c5e48\windows-amd64\native-platform.dll
Event: 0.681 Loaded shared library C:\Users\dines\.gradle\native\100fb08df4bc3b14c8652ba06237920a3bd2aa13389f12d3474272988ae205f9\windows-amd64\native-platform-file-events.dll
Event: 2.167 Loaded shared library C:\Program Files\Java\jdk-23\bin\management.dll
Event: 2.170 Loaded shared library C:\Program Files\Java\jdk-23\bin\management_ext.dll
Event: 2.472 Loaded shared library C:\Program Files\Java\jdk-23\bin\extnet.dll
Event: 2.657 Loaded shared library C:\Program Files\Java\jdk-23\bin\sunmscapi.dll

Deoptimization events (20 events):
Event: 20.407 Thread 0x0000019f0ffaa3b0 DEOPT PACKING pc=0x0000019eb4a6fab7 sp=0x0000007b859fe8f0
Event: 20.407 Thread 0x0000019f0ffaa3b0 DEOPT UNPACKING pc=0x0000019ebbce84c2 sp=0x0000007b859fdd78 mode 0
Event: 20.422 Thread 0x0000019f0f3e5760 Uncommon trap: trap_request=0xffffff45 fr.pc=0x0000019ebc640998 relative=0x0000000000000278
Event: 20.422 Thread 0x0000019f0f3e5760 Uncommon trap: reason=unstable_if action=reinterpret pc=0x0000019ebc640998 method=java.util.concurrent.ConcurrentHashMap.get(Ljava/lang/Object;)Ljava/lang/Object; @ 86 c2
Event: 20.422 Thread 0x0000019f0f3e5760 DEOPT PACKING pc=0x0000019ebc640998 sp=0x0000007b851f5d10
Event: 20.422 Thread 0x0000019f0f3e5760 DEOPT UNPACKING pc=0x0000019ebbce7982 sp=0x0000007b851f5c88 mode 2
Event: 20.431 Thread 0x0000019f231f0a50 Uncommon trap: trap_request=0xffffff45 fr.pc=0x0000019ebc311c28 relative=0x0000000000001208
Event: 20.431 Thread 0x0000019f231f0a50 Uncommon trap: reason=unstable_if action=reinterpret pc=0x0000019ebc311c28 method=java.util.concurrent.ConcurrentHashMap.computeIfAbsent(Ljava/lang/Object;Ljava/util/function/Function;)Ljava/lang/Object; @ 279 c2
Event: 20.431 Thread 0x0000019f231f0a50 DEOPT PACKING pc=0x0000019ebc311c28 sp=0x0000007b86cfe110
Event: 20.431 Thread 0x0000019f231f0a50 DEOPT UNPACKING pc=0x0000019ebbce7982 sp=0x0000007b86cfe088 mode 2
Event: 20.468 Thread 0x0000019f0ffaa3b0 DEOPT PACKING pc=0x0000019eb4a6fab7 sp=0x0000007b859fe940
Event: 20.468 Thread 0x0000019f0ffaa3b0 DEOPT UNPACKING pc=0x0000019ebbce84c2 sp=0x0000007b859fddc8 mode 0
Event: 20.521 Thread 0x0000019f0ffaa3b0 DEOPT PACKING pc=0x0000019eb580a936 sp=0x0000007b859fe4b0
Event: 20.521 Thread 0x0000019f0ffaa3b0 DEOPT UNPACKING pc=0x0000019ebbce84c2 sp=0x0000007b859fda20 mode 0
Event: 20.542 Thread 0x0000019f0ffaa3b0 DEOPT PACKING pc=0x0000019eb580a936 sp=0x0000007b859fe4b0
Event: 20.542 Thread 0x0000019f0ffaa3b0 DEOPT UNPACKING pc=0x0000019ebbce84c2 sp=0x0000007b859fda20 mode 0
Event: 20.553 Thread 0x0000019f0ffaa3b0 DEOPT PACKING pc=0x0000019eb580a936 sp=0x0000007b859fe4b0
Event: 20.553 Thread 0x0000019f0ffaa3b0 DEOPT UNPACKING pc=0x0000019ebbce84c2 sp=0x0000007b859fda20 mode 0
Event: 20.565 Thread 0x0000019f0ffaa3b0 DEOPT PACKING pc=0x0000019eb580a936 sp=0x0000007b859fe4b0
Event: 20.565 Thread 0x0000019f0ffaa3b0 DEOPT UNPACKING pc=0x0000019ebbce84c2 sp=0x0000007b859fda20 mode 0

Classes loaded (20 events):
Event: 19.525 Loading class java/io/ObjectInputFilter$Config$BuiltinFilterFactory
Event: 19.525 Loading class java/io/ObjectInputFilter$Config$BuiltinFilterFactory done
Event: 19.526 Loading class jdk/internal/access/JavaObjectInputFilterAccess
Event: 19.526 Loading class jdk/internal/access/JavaObjectInputFilterAccess done
Event: 19.526 Loading class java/lang/System$Logger$Level
Event: 19.526 Loading class java/lang/System$Logger$Level done
Event: 19.527 Loading class jdk/internal/event/DeserializationEvent
Event: 19.527 Loading class jdk/internal/event/DeserializationEvent done
Event: 19.527 Loading class java/io/ObjectInputStream$FieldValues
Event: 19.528 Loading class java/io/ObjectInputStream$GetField
Event: 19.528 Loading class java/io/ObjectInputStream$GetField done
Event: 19.528 Loading class java/io/ObjectInputStream$FieldValues done
Event: 19.535 Loading class sun/reflect/ReflectionFactory
Event: 19.535 Loading class sun/reflect/ReflectionFactory done
Event: 19.536 Loading class sun/reflect/ReflectionFactory$1
Event: 19.536 Loading class sun/reflect/ReflectionFactory$1 done
Event: 20.169 Loading class java/util/Collections$ReverseComparator
Event: 20.169 Loading class java/util/Collections$ReverseComparator done
Event: 20.169 Loading class java/util/Collections$ReverseComparator2
Event: 20.169 Loading class java/util/Collections$ReverseComparator2 done

Classes unloaded (0 events):
No events

Classes redefined (0 events):
No events

Internal exceptions (20 events):
Event: 18.928 Thread 0x0000019f0f3e5760 Exception <a 'sun/nio/fs/WindowsException'{0x00000000867c0bb8}> (0x00000000867c0bb8) 
thrown [s\open\src\hotspot\share\prims\jni.cpp, line 520]
Event: 18.928 Thread 0x0000019f0f3e5760 Exception <a 'sun/nio/fs/WindowsException'{0x00000000867c26b8}> (0x00000000867c26b8) 
thrown [s\open\src\hotspot\share\prims\jni.cpp, line 520]
Event: 19.402 Thread 0x0000019f0f3e5760 Exception <a 'sun/nio/fs/WindowsException'{0x00000000876a4ed0}> (0x00000000876a4ed0) 
thrown [s\open\src\hotspot\share\prims\jni.cpp, line 520]
Event: 19.403 Thread 0x0000019f0f3e5760 Exception <a 'sun/nio/fs/WindowsException'{0x00000000876a6898}> (0x00000000876a6898) 
thrown [s\open\src\hotspot\share\prims\jni.cpp, line 520]
Event: 19.405 Thread 0x0000019f0f3e5760 Exception <a 'sun/nio/fs/WindowsException'{0x00000000876b1620}> (0x00000000876b1620) 
thrown [s\open\src\hotspot\share\prims\jni.cpp, line 520]
Event: 19.407 Thread 0x0000019f0f3e5760 Exception <a 'sun/nio/fs/WindowsException'{0x00000000876b9c00}> (0x00000000876b9c00) 
thrown [s\open\src\hotspot\share\prims\jni.cpp, line 520]
Event: 19.412 Thread 0x0000019f0f3e5760 Exception <a 'sun/nio/fs/WindowsException'{0x00000000876c2b90}> (0x00000000876c2b90) 
thrown [s\open\src\hotspot\share\prims\jni.cpp, line 520]
Event: 19.497 Thread 0x0000019f0f3e5760 Exception <a 'java/lang/NoSuchMethodError'{0x0000000086ffd0b0}: static Lorg/gradle/api/internal/catalog/DefaultVersionCatalog;.<clinit>()V> (0x0000000086ffd0b0) 
thrown [s\open\src\hotspot\share\prims\jni.cpp, line 1111]
Event: 19.504 Thread 0x0000019f0f3e5760 Exception <a 'java/lang/NoSuchMethodError'{0x0000000086e2c368}: 'long java.lang.invoke.DirectMethodHandle$Holder.invokeSpecial(java.lang.Object, java.lang.Object)'> (0x0000000086e2c368) 
thrown [s\open\src\hotspot\share\interpreter\linkResolver.cpp, line 796]
Event: 19.504 Thread 0x0000019f0f3e5760 Exception <a 'java/lang/NoSuchMethodError'{0x0000000086e30548}: 'long java.lang.invoke.Invokers$Holder.invokeExact_MT(java.lang.Object, java.lang.Object)'> (0x0000000086e30548) 
thrown [s\open\src\hotspot\share\interpreter\linkResolver.cpp, line 796]
Event: 19.506 Thread 0x0000019f0f3e5760 Exception <a 'java/lang/NoSuchMethodError'{0x0000000086e50c60}: static [Ljava/lang/Object;.<clinit>()V> (0x0000000086e50c60) 
thrown [s\open\src\hotspot\share\prims\jni.cpp, line 1111]
Event: 19.507 Thread 0x0000019f0f3e5760 Exception <a 'java/lang/NoSuchMethodError'{0x0000000086e81218}: static Lorg/gradle/api/internal/catalog/DependencyModel;.<clinit>()V> (0x0000000086e81218) 
thrown [s\open\src\hotspot\share\prims\jni.cpp, line 1111]
Event: 19.507 Thread 0x0000019f0f3e5760 Exception <a 'java/lang/NoSuchMethodError'{0x0000000086e84b40}: static Lorg/gradle/api/internal/catalog/AbstractContextAwareModel;.<clinit>()V> (0x0000000086e84b40) 
thrown [s\open\src\hotspot\share\prims\jni.cpp, line 1111]
Event: 19.508 Thread 0x0000019f0f3e5760 Exception <a 'java/lang/NoSuchMethodError'{0x0000000086e9a288}: static Lorg/gradle/api/internal/artifacts/dependencies/AbstractVersionConstraint;.<clinit>()V> (0x0000000086e9a288) 
thrown [s\open\src\hotspot\share\prims\jni.cpp, line 1111]
Event: 19.512 Thread 0x0000019f0f3e5760 Exception <a 'java/lang/NoSuchMethodError'{0x0000000086eea400}: static Lorg/gradle/api/internal/catalog/PluginModel;.<clinit>()V> (0x0000000086eea400) 
thrown [s\open\src\hotspot\share\prims\jni.cpp, line 1111]
Event: 19.512 Thread 0x0000019f0f3e5760 Exception <a 'java/lang/NoSuchMethodError'{0x0000000086efeb00}: static Lorg/gradle/api/internal/catalog/VersionModel;.<clinit>()V> (0x0000000086efeb00) 
thrown [s\open\src\hotspot\share\prims\jni.cpp, line 1111]
Event: 19.519 Thread 0x0000019f0f3e5760 Exception <a 'java/lang/NoSuchMethodError'{0x0000000086d1fd60}: 'void java.lang.invoke.DirectMethodHandle$Holder.invokeSpecial(java.lang.Object, java.lang.Object, java.lang.Object, int)'> (0x0000000086d1fd60) 
thrown [s\open\src\hotspot\share\interpreter\linkResolver.cpp, line 796]
Event: 19.628 Thread 0x0000019f0f3e5760 Exception <a 'java/lang/NoSuchMethodError'{0x00000000869129e0}: 'int java.lang.invoke.DirectMethodHandle$Holder.invokeSpecialIFC(java.lang.Object, java.lang.Object, java.lang.Object)'> (0x00000000869129e0) 
thrown [s\open\src\hotspot\share\interpreter\linkResolver.cpp, line 796]
Event: 19.758 Thread 0x0000019f0f3e5760 Exception <a 'java/lang/NoSuchMethodError'{0x00000000ffa97818}: 'java.lang.Object java.lang.invoke.DirectMethodHandle$Holder.invokeSpecial(java.lang.Object, java.lang.Object, java.lang.Object, java.lang.Object, java.lang.Object, long)'> (0x00000000ffa97818) 
thrown [s\open\src\hotspot\share\interpreter\linkResolver.cpp, line 796]
Event: 19.762 Thread 0x0000019f0f3e5760 Exception <a 'java/lang/NoSuchMethodError'{0x00000000ffab7c68}: 'void java.lang.invoke.DirectMethodHandle$Holder.invokeStatic(java.lang.Object, java.lang.Object, java.lang.Object, int, java.lang.Object)'> (0x00000000ffab7c68) 
thrown [s\open\src\hotspot\share\interpreter\linkResolver.cpp, line 796]

VM Operations (20 events):
Event: 18.262 Executing VM operation: G1CollectForAllocation (G1 Evacuation Pause) done
Event: 18.372 Executing VM operation: HandshakeAllThreads (Deoptimize)
Event: 18.373 Executing VM operation: HandshakeAllThreads (Deoptimize) done
Event: 18.484 Executing VM operation: HandshakeAllThreads (Deoptimize)
Event: 18.484 Executing VM operation: HandshakeAllThreads (Deoptimize) done
Event: 18.945 Executing VM operation: G1CollectForAllocation (G1 Evacuation Pause)
Event: 18.953 Executing VM operation: G1CollectForAllocation (G1 Evacuation Pause) done
Event: 19.034 Executing VM operation: G1PauseRemark
Event: 19.039 Executing VM operation: G1PauseRemark done
Event: 19.062 Executing VM operation: G1PauseCleanup
Event: 19.062 Executing VM operation: G1PauseCleanup done
Event: 19.112 Executing VM operation: G1CollectForAllocation (G1 Evacuation Pause)
Event: 19.118 Executing VM operation: G1CollectForAllocation (G1 Evacuation Pause) done
Event: 19.502 Executing VM operation: HandshakeAllThreads (Deoptimize)
Event: 19.502 Executing VM operation: HandshakeAllThreads (Deoptimize) done
Event: 19.665 Executing VM operation: G1CollectForAllocation (G1 Evacuation Pause)
Event: 19.676 Executing VM operation: G1CollectForAllocation (G1 Evacuation Pause) done
Event: 20.201 Executing VM operation: HandshakeAllThreads (Deoptimize)
Event: 20.201 Executing VM operation: HandshakeAllThreads (Deoptimize) done
Event: 20.639 Executing VM operation: G1CollectForAllocation (G1 Evacuation Pause)

Memory protections (0 events):
No events

Nmethod flushes (20 events):
Event: 19.038 Thread 0x0000019ec8e403c0 flushing  nmethod 0x0000019eb484af08
Event: 19.038 Thread 0x0000019ec8e403c0 flushing  nmethod 0x0000019eb48d1708
Event: 19.038 Thread 0x0000019ec8e403c0 flushing  nmethod 0x0000019eb48d6e88
Event: 19.038 Thread 0x0000019ec8e403c0 flushing  nmethod 0x0000019eb490ee88
Event: 19.038 Thread 0x0000019ec8e403c0 flushing  nmethod 0x0000019eb4963e08
Event: 19.038 Thread 0x0000019ec8e403c0 flushing  nmethod 0x0000019eb49b6488
Event: 19.038 Thread 0x0000019ec8e403c0 flushing  nmethod 0x0000019eb4a07708
Event: 19.038 Thread 0x0000019ec8e403c0 flushing  nmethod 0x0000019eb4a56808
Event: 19.038 Thread 0x0000019ec8e403c0 flushing  nmethod 0x0000019eb4a59d88
Event: 19.038 Thread 0x0000019ec8e403c0 flushing  nmethod 0x0000019eb4a5ab08
Event: 19.038 Thread 0x0000019ec8e403c0 flushing  nmethod 0x0000019eb4b04808
Event: 19.038 Thread 0x0000019ec8e403c0 flushing  nmethod 0x0000019eb4c60588
Event: 19.038 Thread 0x0000019ec8e403c0 flushing  nmethod 0x0000019eb4c63508
Event: 19.038 Thread 0x0000019ec8e403c0 flushing  nmethod 0x0000019eb4cf9b08
Event: 19.038 Thread 0x0000019ec8e403c0 flushing  nmethod 0x0000019eb4cfae08
Event: 19.038 Thread 0x0000019ec8e403c0 flushing  nmethod 0x0000019eb4d67d88
Event: 19.038 Thread 0x0000019ec8e403c0 flushing  nmethod 0x0000019eb4d69d88
Event: 19.038 Thread 0x0000019ec8e403c0 flushing  nmethod 0x0000019eb4ef9108
Event: 19.038 Thread 0x0000019ec8e403c0 flushing  nmethod 0x0000019eb4fd8908
Event: 19.038 Thread 0x0000019ec8e403c0 flushing  nmethod 0x0000019eb5212388

Events (20 events):
Event: 14.019 Thread 0x0000019f0f24e390 Thread exited: 0x0000019f0f24e390
Event: 14.049 Thread 0x0000019ec8e9a230 Thread added: 0x0000019f151654f0
Event: 14.526 Thread 0x0000019f151654f0 Thread exited: 0x0000019f151654f0
Event: 14.884 Thread 0x0000019ec8e9a230 Thread added: 0x0000019f12e23f30
Event: 15.413 Thread 0x0000019f12e23f30 Thread exited: 0x0000019f12e23f30
Event: 16.033 Thread 0x0000019ec8e9a230 Thread added: 0x0000019f0e62b280
Event: 20.260 Thread 0x0000019f0f3e5760 Thread added: 0x0000019f231edc60
Event: 20.260 Thread 0x0000019f0f3e5760 Thread added: 0x0000019f231ee980
Event: 20.260 Thread 0x0000019f0f3e5760 Thread added: 0x0000019f231eb500
Event: 20.260 Thread 0x0000019f0f3e5760 Thread added: 0x0000019f231ecf40
Event: 20.260 Thread 0x0000019f0f3e5760 Thread added: 0x0000019f231ef010
Event: 20.260 Thread 0x0000019f0f3e5760 Thread added: 0x0000019f231ed5d0
Event: 20.261 Thread 0x0000019f0f3e5760 Thread added: 0x0000019f231ef6a0
Event: 20.372 Thread 0x0000019f0f3e5760 Thread added: 0x0000019f231ec8b0
Event: 20.374 Thread 0x0000019f0f3e5760 Thread added: 0x0000019f231ec220
Event: 20.376 Thread 0x0000019f0f3e5760 Thread added: 0x0000019f231f0a50
Event: 20.388 Thread 0x0000019f0f3e5760 Thread added: 0x0000019f231f2490
Event: 20.392 Thread 0x0000019f0f3e5760 Thread added: 0x0000019f231efd30
Event: 20.394 Thread 0x0000019f0f3e5760 Thread added: 0x0000019f231f03c0
Event: 20.397 Thread 0x0000019f0f3e5760 Thread added: 0x0000019f231f10e0


Dynamic libraries:
0x00007ff72c9b0000 - 0x00007ff72c9c0000 	C:\Program Files\Java\jdk-23\bin\java.exe
0x00007ffd30f80000 - 0x00007ffd311e7000 	C:\WINDOWS\SYSTEM32\ntdll.dll
0x00007ffd30760000 - 0x00007ffd30829000 	C:\WINDOWS\System32\KERNEL32.DLL
0x00007ffd2e220000 - 0x00007ffd2e610000 	C:\WINDOWS\System32\KERNELBASE.dll
0x00007ffd2e820000 - 0x00007ffd2e96b000 	C:\WINDOWS\System32\ucrtbase.dll
0x00007ffcdb820000 - 0x00007ffcdb837000 	C:\Program Files\Java\jdk-23\bin\jli.dll
0x00007ffcd9fb0000 - 0x00007ffcd9fcb000 	C:\Program Files\Java\jdk-23\bin\VCRUNTIME140.dll
0x00007ffd30c80000 - 0x00007ffd30e45000 	C:\WINDOWS\System32\USER32.dll
0x00007ffd20e20000 - 0x00007ffd210ba000 	C:\WINDOWS\WinSxS\amd64_microsoft.windows.common-controls_6595b64144ccf1df_6.0.26100.4768_none_3e0c112ce331287c\COMCTL32.dll
0x00007ffd2e1f0000 - 0x00007ffd2e217000 	C:\WINDOWS\System32\win32u.dll
0x00007ffd2edc0000 - 0x00007ffd2ee69000 	C:\WINDOWS\System32\msvcrt.dll
0x00007ffd30f10000 - 0x00007ffd30f3b000 	C:\WINDOWS\System32\GDI32.dll
0x00007ffd2e620000 - 0x00007ffd2e758000 	C:\WINDOWS\System32\gdi32full.dll
0x00007ffd2e0b0000 - 0x00007ffd2e153000 	C:\WINDOWS\System32\msvcp_win.dll
0x00007ffd300c0000 - 0x00007ffd300ef000 	C:\WINDOWS\System32\IMM32.DLL
0x00007ffcdb810000 - 0x00007ffcdb81c000 	C:\Program Files\Java\jdk-23\bin\vcruntime140_1.dll
0x00007ffcd74d0000 - 0x00007ffcd755e000 	C:\Program Files\Java\jdk-23\bin\msvcp140.dll
0x00007ffc3e4a0000 - 0x00007ffc3f1f0000 	C:\Program Files\Java\jdk-23\bin\server\jvm.dll
0x00007ffd2f350000 - 0x00007ffd2f404000 	C:\WINDOWS\System32\ADVAPI32.dll
0x00007ffd30e60000 - 0x00007ffd30f06000 	C:\WINDOWS\System32\sechost.dll
0x00007ffd2ffa0000 - 0x00007ffd300b8000 	C:\WINDOWS\System32\RPCRT4.dll
0x00007ffd2f510000 - 0x00007ffd2f584000 	C:\WINDOWS\System32\WS2_32.dll
0x00007ffd2df30000 - 0x00007ffd2df8e000 	C:\WINDOWS\SYSTEM32\POWRPROF.dll
0x00007ffd25130000 - 0x00007ffd2513b000 	C:\WINDOWS\SYSTEM32\VERSION.dll
0x00007ffd20930000 - 0x00007ffd20965000 	C:\WINDOWS\SYSTEM32\WINMM.dll
0x00007ffd2df10000 - 0x00007ffd2df24000 	C:\WINDOWS\SYSTEM32\UMPDC.dll
0x00007ffd2ce10000 - 0x00007ffd2ce2b000 	C:\WINDOWS\SYSTEM32\kernel.appcore.dll
0x00007ffcdaf70000 - 0x00007ffcdaf7a000 	C:\Program Files\Java\jdk-23\bin\jimage.dll
0x00007ffd2b850000 - 0x00007ffd2ba91000 	C:\WINDOWS\SYSTEM32\DBGHELP.DLL
0x00007ffd308c0000 - 0x00007ffd30c45000 	C:\WINDOWS\System32\combase.dll
0x00007ffd303d0000 - 0x00007ffd304b0000 	C:\WINDOWS\System32\OLEAUT32.dll
0x00007ffd21880000 - 0x00007ffd218c3000 	C:\WINDOWS\SYSTEM32\dbgcore.DLL
0x00007ffd2e970000 - 0x00007ffd2ea09000 	C:\WINDOWS\System32\bcryptPrimitives.dll
0x00007ffcd7fd0000 - 0x00007ffcd7fdf000 	C:\Program Files\Java\jdk-23\bin\instrument.dll
0x00007ffcd9f90000 - 0x00007ffcd9fae000 	C:\Program Files\Java\jdk-23\bin\java.dll
0x00007ffd30190000 - 0x00007ffd30330000 	C:\WINDOWS\System32\ole32.dll
0x00007ffd2f7f0000 - 0x00007ffd2ff3d000 	C:\WINDOWS\System32\SHELL32.dll
0x00007ffd2eb90000 - 0x00007ffd2ed03000 	C:\WINDOWS\System32\wintypes.dll
0x00007ffd2bc50000 - 0x00007ffd2c4b0000 	C:\WINDOWS\SYSTEM32\windows.storage.dll
0x00007ffd30660000 - 0x00007ffd30755000 	C:\WINDOWS\System32\SHCORE.dll
0x00007ffd2f590000 - 0x00007ffd2f5fa000 	C:\WINDOWS\System32\shlwapi.dll
0x00007ffd2dfd0000 - 0x00007ffd2dff9000 	C:\WINDOWS\SYSTEM32\profapi.dll
0x00007ffcc1b30000 - 0x00007ffcc1c07000 	C:\Program Files\Java\jdk-23\bin\jsvml.dll
0x00007ffcd8340000 - 0x00007ffcd8357000 	C:\Program Files\Java\jdk-23\bin\zip.dll
0x00007ffcda720000 - 0x00007ffcda730000 	C:\Program Files\Java\jdk-23\bin\net.dll
0x00007ffd2d3c0000 - 0x00007ffd2d42b000 	C:\WINDOWS\system32\mswsock.dll
0x00007ffcd8360000 - 0x00007ffcd8376000 	C:\Program Files\Java\jdk-23\bin\nio.dll
0x00007ffcd90c0000 - 0x00007ffcd90d0000 	C:\Program Files\Java\jdk-23\bin\verify.dll
0x00007ffd1db10000 - 0x00007ffd1db37000 	C:\Users\dines\.gradle\native\c067742578af261105cb4f569cf0c3c89f3d7b1fecec35dd04571415982c5e48\windows-amd64\native-platform.dll
0x00007ffcc1c10000 - 0x00007ffcc1d54000 	C:\Users\dines\.gradle\native\100fb08df4bc3b14c8652ba06237920a3bd2aa13389f12d3474272988ae205f9\windows-amd64\native-platform-file-events.dll
0x00007ffcd87d0000 - 0x00007ffcd87da000 	C:\Program Files\Java\jdk-23\bin\management.dll
0x00007ffcd8330000 - 0x00007ffcd833b000 	C:\Program Files\Java\jdk-23\bin\management_ext.dll
0x00007ffd308b0000 - 0x00007ffd308b8000 	C:\WINDOWS\System32\PSAPI.DLL
0x00007ffd2d680000 - 0x00007ffd2d69b000 	C:\WINDOWS\SYSTEM32\CRYPTSP.dll
0x00007ffd2cd70000 - 0x00007ffd2cdab000 	C:\WINDOWS\system32\rsaenh.dll
0x00007ffd2d460000 - 0x00007ffd2d48b000 	C:\WINDOWS\SYSTEM32\USERENV.dll
0x00007ffd2dfa0000 - 0x00007ffd2dfc6000 	C:\WINDOWS\SYSTEM32\bcrypt.dll
0x00007ffd2d6a0000 - 0x00007ffd2d6ac000 	C:\WINDOWS\SYSTEM32\CRYPTBASE.dll
0x00007ffd2c7e0000 - 0x00007ffd2c813000 	C:\WINDOWS\SYSTEM32\IPHLPAPI.DLL
0x00007ffd30100000 - 0x00007ffd3010a000 	C:\WINDOWS\System32\NSI.dll
0x00007ffcd7fe0000 - 0x00007ffcd7fe9000 	C:\Program Files\Java\jdk-23\bin\extnet.dll
0x00007ffcd7fc0000 - 0x00007ffcd7fce000 	C:\Program Files\Java\jdk-23\bin\sunmscapi.dll
0x00007ffd2ea10000 - 0x00007ffd2eb87000 	C:\WINDOWS\System32\CRYPT32.dll
0x00007ffd2d8a0000 - 0x00007ffd2d8d0000 	C:\WINDOWS\SYSTEM32\ncrypt.dll
0x00007ffd2d850000 - 0x00007ffd2d88f000 	C:\WINDOWS\SYSTEM32\NTASN1.dll
0x00007ffcc3f90000 - 0x00007ffcc3f98000 	C:\WINDOWS\system32\wshunix.dll

dbghelp: loaded successfully - version: 4.0.5 - missing functions: none
symbol engine: initialized successfully - sym options: 0x614 - pdb path: .;C:\Program Files\Java\jdk-23\bin;C:\WINDOWS\SYSTEM32;C:\WINDOWS\WinSxS\amd64_microsoft.windows.common-controls_6595b64144ccf1df_6.0.26100.4768_none_3e0c112ce331287c;C:\Program Files\Java\jdk-23\bin\server;C:\Users\dines\.gradle\native\c067742578af261105cb4f569cf0c3c89f3d7b1fecec35dd04571415982c5e48\windows-amd64;C:\Users\dines\.gradle\native\100fb08df4bc3b14c8652ba06237920a3bd2aa13389f12d3474272988ae205f9\windows-amd64

VM Arguments:
jvm_args: --add-opens=java.base/java.lang=ALL-UNNAMED --add-opens=java.base/java.lang.invoke=ALL-UNNAMED --add-opens=java.base/java.util=ALL-UNNAMED --add-opens=java.prefs/java.util.prefs=ALL-UNNAMED --add-exports=jdk.compiler/com.sun.tools.javac.api=ALL-UNNAMED --add-exports=jdk.compiler/com.sun.tools.javac.util=ALL-UNNAMED --add-opens=java.base/java.util=ALL-UNNAMED --add-opens=java.prefs/java.util.prefs=ALL-UNNAMED --add-opens=java.base/java.nio.charset=ALL-UNNAMED --add-opens=java.base/java.net=ALL-UNNAMED --add-opens=java.base/java.util.concurrent.atomic=ALL-UNNAMED --add-opens=java.xml/javax.xml.namespace=ALL-UNNAMED -Xmx2048m -Dfile.encoding=UTF-8 -Duser.country=US -Duser.language=en -Duser.variant -javaagent:C:\Users\dines\.gradle\wrapper\dists\gradle-8.11.1-bin\bpt9gzteqjrbo1mjrsomdt32c\gradle-8.11.1\lib\agents\gradle-instrumentation-agent-8.11.1.jar 
java_command: org.gradle.launcher.daemon.bootstrap.GradleDaemon 8.11.1
java_class_path (initial): C:\Users\dines\.gradle\wrapper\dists\gradle-8.11.1-bin\bpt9gzteqjrbo1mjrsomdt32c\gradle-8.11.1\lib\gradle-daemon-main-8.11.1.jar
Launcher Type: SUN_STANDARD

[Global flags]
     intx CICompilerCount                          = 4                                         {product} {ergonomic}
     uint ConcGCThreads                            = 2                                         {product} {ergonomic}
     uint G1ConcRefinementThreads                  = 8                                         {product} {ergonomic}
   size_t G1HeapRegionSize                         = 1048576                                   {product} {ergonomic}
   size_t InitialHeapSize                          = 130023424                                 {product} {ergonomic}
   size_t MarkStackSize                            = 4194304                                   {product} {ergonomic}
   size_t MarkStackSizeMax                         = 536870912                                 {product} {ergonomic}
   size_t MaxHeapSize                              = 2147483648                                {product} {command line}
   size_t MaxNewSize                               = 1287651328                                {product} {ergonomic}
   size_t MinHeapDeltaBytes                        = 1048576                                   {product} {ergonomic}
   size_t MinHeapSize                              = 8388608                                   {product} {ergonomic}
    uintx NonNMethodCodeHeapSize                   = 5832704                                {pd product} {ergonomic}
    uintx NonProfiledCodeHeapSize                  = 122945536                              {pd product} {ergonomic}
    uintx ProfiledCodeHeapSize                     = 122880000                              {pd product} {ergonomic}
    uintx ReservedCodeCacheSize                    = 251658240                              {pd product} {ergonomic}
     bool SegmentedCodeCache                       = true                                      {product} {ergonomic}
   size_t SoftMaxHeapSize                          = 2147483648                             {manageable} {ergonomic}
     bool UseCompressedOops                        = true                           {product lp64_product} {ergonomic}
     bool UseG1GC                                  = true                                      {product} {ergonomic}
     bool UseLargePagesIndividualAllocation        = false                                  {pd product} {ergonomic}

Logging:
Log output configuration:
 #0: stdout all=warning uptime,level,tags foldmultilines=false
 #1: stderr all=off uptime,level,tags foldmultilines=false

Environment Variables:
JAVA_HOME=C:\Program Files\Java\jdk-23
CLASSPATH=C:\Users\dines\AndroidStudioProjects\BLE\\gradle\wrapper\gradle-wrapper.jar
PATH=C:\Program Files\Common Files\Oracle\Java\javapath;C:\WINDOWS\system32;C:\WINDOWS;C:\WINDOWS\System32\Wbem;C:\WINDOWS\System32\WindowsPowerShell\v1.0\;C:\WINDOWS\System32\OpenSSH\;C:\Program Files\Java\jdk-23\bin;C:\Program Files\apache-maven-3.8.8-bin\apache-maven-3.8.8\bin;C:\Program Files\nodejs\;C:\Program Files\nodejs\node_modules;C:\Program Files\MySQL\MySQL Server 8.0\bin;C:\Users\dines\AppData\Local\Android\Sdk\platform-tools;C:\Program Files\Git\cmd;C:\Program Files\dotnet\;C:\Program Files\Common Files\Oracle\Java\javapath;C:\WINDOWS\system32;C:\WINDOWS;C:\WINDOWS\System32\Wbem;C:\WINDOWS\System32\WindowsPowerShell\v1.0\;C:\WINDOWS\System32\OpenSSH\;C:\Program Files\Java\jdk-23\bin;C:\Program Files\apache-maven-3.8.8-bin\apache-maven-3.8.8\bin;C:\Program Files\nodejs\;C:\Program Files\nodejs\node_modules;C:\Program Files\MySQL\MySQL Server 8.0\bin;C:\Users\dines\AppData\Local\Android\Sdk\platform-tools;C:\Users\dines\AppData\Local\Programs\Python\Python313\Scripts\;C:\Users\dines\AppData\Local\Programs\Python\Python313\;C:\Users\dines\AppData\Local;C:\Users\dines\AppData\Local\Programs\Microsoft VS Code\bin;C:\Users\dines\AppData\Local\Microsoft\WindowsApps;C:\Users\dines\.dotnet\tools
USERNAME=dines
OS=Windows_NT
PROCESSOR_IDENTIFIER=Intel64 Family 6 Model 140 Stepping 1, GenuineIntel
TMP=C:\Users\dines\AppData\Local\Temp
TEMP=C:\Users\dines\AppData\Local\Temp




Periodic native trim disabled

---------------  S Y S T E M  ---------------

OS:
 Windows 11 , 64 bit Build 26100 (10.0.26100.4768)
OS uptime: 2 days 2:31 hours
Hyper-V role detected

CPU: total 8 (initial active 8) (4 cores per cpu, 2 threads per core) family 6 model 140 stepping 1 microcode 0xbc, cx8, cmov, fxsr, ht, mmx, 3dnowpref, sse, sse2, sse3, ssse3, sse4.1, sse4.2, popcnt, lzcnt, tsc, tscinvbit, avx, avx2, aes, erms, clmul, bmi1, bmi2, adx, avx512f, avx512dq, avx512cd, avx512bw, avx512vl, sha, fma, vzeroupper, avx512_vpopcntdq, avx512_vpclmulqdq, avx512_vaes, avx512_vnni, clflush, clflushopt, clwb, avx512_vbmi2, avx512_vbmi, hv, rdtscp, rdpid, fsrm, gfni, avx512_bitalg, f16c, cet_ibt, cet_ss, avx512_ifma
Processor Information for the first 8 processors :
  Max Mhz: 2419, Current Mhz: 2419, Mhz Limit: 2419

Memory: 4k page, system-wide physical 7914M (632M free)
TotalPageFile size 23085M (AvailPageFile size 64M)
current process WorkingSet (physical memory assigned to process): 426M, peak: 467M
current process commit charge ("private bytes"): 497M, peak: 580M

vm_info: Java HotSpot(TM) 64-Bit Server VM (23.0.2+7-58) for windows-amd64 JRE (23.0.2+7-58), built on 2024-11-29T09:34:55Z with MS VC++ 17.6 (VS2022)

END.
